<?xml version="1.0" encoding="UTF-8"?>
<!-- Generated by org.testng.reporters.JUnitXMLReporter -->
<testsuite hostname="TRI02L-PF1KKCHT" ignored="2" name="Default test(failed)" tests="6" failures="6" timestamp="13 Feb 2020 06:17:49 GMT" time="43.629" errors="0">
  <testcase name="verifyAllButtons" time="0.004" classname="com.hotewire.qa.testcases.VacationPageTest">
    <failure type="java.lang.NullPointerException">
      <![CDATA[java.lang.NullPointerException
	at org.openqa.selenium.support.pagefactory.DefaultElementLocator.findElement(DefaultElementLocator.java:69)
	at org.openqa.selenium.support.pagefactory.internal.LocatingElementHandler.invoke(LocatingElementHandler.java:38)
	at com.sun.proxy.$Proxy9.getAttribute(Unknown Source)
	at com.hotwire.qa.pages.VacationPage.clickonflight(VacationPage.java:84)
	at com.hotewire.qa.testcases.VacationPageTest.verifyAllButtons(VacationPageTest.java:42)
... Removed 25 stack frames]]>
    </failure>
  </testcase> <!-- verifyAllButtons -->
  <testcase name="verifyFly" time="0.0" classname="com.hotewire.qa.testcases.VacationPageTest">
    <failure type="java.lang.NullPointerException">
      <![CDATA[java.lang.NullPointerException
	at org.openqa.selenium.support.pagefactory.DefaultElementLocator.findElement(DefaultElementLocator.java:69)
	at org.openqa.selenium.support.pagefactory.internal.LocatingElementHandler.invoke(LocatingElementHandler.java:38)
	at com.sun.proxy.$Proxy9.clear(Unknown Source)
	at com.hotwire.qa.pages.VacationPage.typeinflyfrom(VacationPage.java:119)
	at com.hotewire.qa.testcases.VacationPageTest.verifyFly(VacationPageTest.java:57)
... Removed 25 stack frames]]>
    </failure>
  </testcase> <!-- verifyFly -->
  <testcase name="verifyDestination" time="0.001" classname="com.hotewire.qa.testcases.VacationPageTest">
    <failure type="java.lang.NullPointerException">
      <![CDATA[java.lang.NullPointerException
	at org.openqa.selenium.support.pagefactory.DefaultElementLocator.findElement(DefaultElementLocator.java:69)
	at org.openqa.selenium.support.pagefactory.internal.LocatingElementHandler.invoke(LocatingElementHandler.java:38)
	at com.sun.proxy.$Proxy9.clear(Unknown Source)
	at com.hotwire.qa.pages.VacationPage.typeflyto(VacationPage.java:155)
	at com.hotewire.qa.testcases.VacationPageTest.verifyDestination(VacationPageTest.java:64)
... Removed 25 stack frames]]>
    </failure>
  </testcase> <!-- verifyDestination -->
  <testcase name="selectdepartingCalender" time="0.007" classname="com.hotewire.qa.testcases.VacationPageTest">
    <failure type="java.lang.NullPointerException">
      <![CDATA[java.lang.NullPointerException
	at org.openqa.selenium.support.pagefactory.DefaultElementLocator.findElement(DefaultElementLocator.java:69)
	at org.openqa.selenium.support.pagefactory.internal.LocatingElementHandler.invoke(LocatingElementHandler.java:38)
	at com.sun.proxy.$Proxy9.click(Unknown Source)
	at com.hotwire.qa.pages.VacationPage.departingCalenderandTime(VacationPage.java:198)
	at com.hotewire.qa.testcases.VacationPageTest.selectdepartingCalender(VacationPageTest.java:70)
... Removed 25 stack frames]]>
    </failure>
  </testcase> <!-- selectdepartingCalender -->
  <testcase name="selectreturningCalender" time="0.001" classname="com.hotewire.qa.testcases.VacationPageTest">
    <failure type="java.lang.NullPointerException">
      <![CDATA[java.lang.NullPointerException
	at org.openqa.selenium.support.pagefactory.DefaultElementLocator.findElement(DefaultElementLocator.java:69)
	at org.openqa.selenium.support.pagefactory.internal.LocatingElementHandler.invoke(LocatingElementHandler.java:38)
	at com.sun.proxy.$Proxy9.click(Unknown Source)
	at com.hotwire.qa.pages.VacationPage.returningCalender(VacationPage.java:211)
	at com.hotewire.qa.testcases.VacationPageTest.selectreturningCalender(VacationPageTest.java:75)
... Removed 25 stack frames]]>
    </failure>
  </testcase> <!-- selectreturningCalender -->
  <testcase name="verifydealbtn" time="0.0" classname="com.hotewire.qa.testcases.VacationPageTest">
    <failure type="java.lang.NullPointerException">
      <![CDATA[java.lang.NullPointerException
	at org.openqa.selenium.support.pagefactory.DefaultElementLocator.findElement(DefaultElementLocator.java:69)
	at org.openqa.selenium.support.pagefactory.internal.LocatingElementHandler.invoke(LocatingElementHandler.java:38)
	at com.sun.proxy.$Proxy9.click(Unknown Source)
	at com.hotwire.qa.pages.VacationPage.clickfindADealBtn(VacationPage.java:274)
	at com.hotewire.qa.testcases.VacationPageTest.verifydealbtn(VacationPageTest.java:90)
... Removed 25 stack frames]]>
    </failure>
  </testcase> <!-- verifydealbtn -->
  <testcase name="selectdepartureTiming" time="0.0" classname="com.hotewire.qa.testcases.VacationPageTest">
    <ignored/>
  </testcase> <!-- selectdepartureTiming -->
  <testcase name="selectreturningTiming" time="0.0" classname="com.hotewire.qa.testcases.VacationPageTest">
    <ignored/>
  </testcase> <!-- selectreturningTiming -->
</testsuite> <!-- Default test(failed) -->
