<?xml version="1.0" encoding="UTF-8"?>
<testng-results skipped="0" failed="0" ignored="0" total="1" passed="1">
  <reporter-output>
  </reporter-output>
  <suite name="Suite" duration-ms="48222" started-at="2020-02-13T19:40:37Z" finished-at="2020-02-13T19:41:26Z">
    <groups>
    </groups>
    <test name="Test" duration-ms="48222" started-at="2020-02-13T19:40:37Z" finished-at="2020-02-13T19:41:26Z">
      <class name="com.hotewire.qa.testcases.VacationPageTest">
        <test-method status="PASS" signature="setUp()[pri:0, instance:com.hotewire.qa.testcases.VacationPageTest@fdefd3f]" name="setUp" is-config="true" duration-ms="15492" started-at="2020-02-14T01:10:37Z" finished-at="2020-02-14T01:10:53Z">
          <reporter-output>
          </reporter-output>
        </test-method> <!-- setUp -->
        <test-method status="PASS" signature="hotwire()[pri:0, instance:com.hotewire.qa.testcases.VacationPageTest@fdefd3f]" name="hotwire" duration-ms="31578" started-at="2020-02-14T01:10:53Z" finished-at="2020-02-14T01:11:24Z">
          <reporter-output>
          </reporter-output>
        </test-method> <!-- hotwire -->
        <test-method status="PASS" signature="tearDown()[pri:0, instance:com.hotewire.qa.testcases.VacationPageTest@fdefd3f]" name="tearDown" is-config="true" duration-ms="1122" started-at="2020-02-14T01:11:24Z" finished-at="2020-02-14T01:11:26Z">
          <reporter-output>
          </reporter-output>
        </test-method> <!-- tearDown -->
      </class> <!-- com.hotewire.qa.testcases.VacationPageTest -->
    </test> <!-- Test -->
  </suite> <!-- Suite -->
</testng-results>
